app/build/intermediates/manifest_merge_blame_file/developmentDebug/manifest-merger-blame-development-debug-report.txt
1<?xml version="1.0" encoding="utf-8"?>
2<manifest xmlns:android="http://schemas.android.com/apk/res/android"
3    package="com.example.appthitracnghiem"
4    android:versionCode="1"
5    android:versionName="1.0" >
6
7    <uses-sdk
8        android:minSdkVersion="21"
8-->src/main/AndroidManifest.xml
9        android:targetSdkVersion="33" />
9-->src/main/AndroidManifest.xml
10
11    <uses-permission android:name="android.permission.ACCESS_NETWORK_STATE" />
11-->src/main/AndroidManifest.xml:5:5-79
11-->src/main/AndroidManifest.xml:5:22-76
12    <uses-permission android:name="android.permission.INTERNET" />
12-->src/main/AndroidManifest.xml:6:5-67
12-->src/main/AndroidManifest.xml:6:22-64
13    <uses-permission android:name="android.permission.READ_EXTERNAL_STORAGE" />
13-->src/main/AndroidManifest.xml:7:5-79
13-->src/main/AndroidManifest.xml:7:22-77
14    <uses-permission android:name="android.permission.WRITE_EXTERNAL_STORAGE" />
14-->src/main/AndroidManifest.xml:8:5-9:40
14-->src/main/AndroidManifest.xml:8:22-78
15
16    <queries>
16-->[com.facebook.android:facebook-common:18.2.3] AndroidManifest.xml:15:5-17:15
17        <package android:name="com.facebook.katana" />
17-->[com.facebook.android:facebook-common:18.2.3] AndroidManifest.xml:16:9-55
17-->[com.facebook.android:facebook-common:18.2.3] AndroidManifest.xml:16:18-52
18    </queries> <!-- Support for Google Privacy Sandbox adservices API -->
19    <uses-permission android:name="android.permission.ACCESS_ADSERVICES_ATTRIBUTION" />
19-->[com.facebook.android:facebook-core:18.2.3] AndroidManifest.xml:16:5-88
19-->[com.facebook.android:facebook-core:18.2.3] AndroidManifest.xml:16:22-85
20    <uses-permission android:name="android.permission.ACCESS_ADSERVICES_AD_ID" />
20-->[com.facebook.android:facebook-core:18.2.3] AndroidManifest.xml:17:5-82
20-->[com.facebook.android:facebook-core:18.2.3] AndroidManifest.xml:17:22-79
21    <uses-permission android:name="android.permission.ACCESS_ADSERVICES_CUSTOM_AUDIENCE" />
21-->[com.facebook.android:facebook-core:18.2.3] AndroidManifest.xml:18:5-92
21-->[com.facebook.android:facebook-core:18.2.3] AndroidManifest.xml:18:22-89
22    <uses-permission android:name="android.permission.ACCESS_ADSERVICES_TOPICS" />
22-->[com.facebook.android:facebook-core:18.2.3] AndroidManifest.xml:19:5-83
22-->[com.facebook.android:facebook-core:18.2.3] AndroidManifest.xml:19:22-80
23
24    <permission
24-->[androidx.core:core:1.9.0] AndroidManifest.xml:22:5-24:47
25        android:name="com.example.appthitracnghiem.DYNAMIC_RECEIVER_NOT_EXPORTED_PERMISSION"
25-->[androidx.core:core:1.9.0] AndroidManifest.xml:23:9-81
26        android:protectionLevel="signature" />
26-->[androidx.core:core:1.9.0] AndroidManifest.xml:24:9-44
27
28    <uses-permission android:name="com.example.appthitracnghiem.DYNAMIC_RECEIVER_NOT_EXPORTED_PERMISSION" />
28-->[androidx.core:core:1.9.0] AndroidManifest.xml:26:5-97
28-->[androidx.core:core:1.9.0] AndroidManifest.xml:26:22-94
29    <uses-permission android:name="com.google.android.finsky.permission.BIND_GET_INSTALL_REFERRER_SERVICE" />
29-->[com.android.installreferrer:installreferrer:2.2] AndroidManifest.xml:9:5-110
29-->[com.android.installreferrer:installreferrer:2.2] AndroidManifest.xml:9:22-107
30
31    <application
31-->src/main/AndroidManifest.xml:14:5-140:19
32        android:name="com.example.appthitracnghiem.QuizShareApplication"
32-->src/main/AndroidManifest.xml:15:9-45
33        android:allowBackup="true"
33-->src/main/AndroidManifest.xml:16:9-35
34        android:appComponentFactory="androidx.core.app.CoreComponentFactory"
34-->[androidx.core:core:1.9.0] AndroidManifest.xml:28:18-86
35        android:dataExtractionRules="@xml/data_extraction_rules"
35-->src/main/AndroidManifest.xml:17:9-65
36        android:debuggable="true"
37        android:fullBackupContent="@xml/backup_rules"
37-->src/main/AndroidManifest.xml:18:9-54
38        android:icon="@mipmap/ic_launcher"
38-->src/main/AndroidManifest.xml:19:9-43
39        android:label="@string/app_name"
39-->src/main/AndroidManifest.xml:20:9-41
40        android:networkSecurityConfig="@xml/network"
40-->src/main/AndroidManifest.xml:21:9-53
41        android:roundIcon="@mipmap/ic_launcher_round"
41-->src/main/AndroidManifest.xml:22:9-54
42        android:supportsRtl="true"
42-->src/main/AndroidManifest.xml:23:9-35
43        android:theme="@style/Theme.AppThiTracNghiem"
43-->src/main/AndroidManifest.xml:24:9-54
44        android:usesCleartextTraffic="true" >
44-->src/main/AndroidManifest.xml:25:9-44
45        <activity
45-->src/main/AndroidManifest.xml:27:9-29:40
46            android:name="com.example.appthitracnghiem.ui.home.profile.setting.changeavatar.ChangeAvatarActivity"
46-->src/main/AndroidManifest.xml:28:13-86
47            android:exported="false" />
47-->src/main/AndroidManifest.xml:29:13-37
48
49        <meta-data
49-->src/main/AndroidManifest.xml:31:9-33:55
50            android:name="com.facebook.sdk.ApplicationId"
50-->src/main/AndroidManifest.xml:32:13-58
51            android:value="@string/facebook_app_id" />
51-->src/main/AndroidManifest.xml:33:13-52
52        <meta-data
52-->src/main/AndroidManifest.xml:34:9-36:61
53            android:name="com.facebook.sdk.ClientToken"
53-->src/main/AndroidManifest.xml:35:13-56
54            android:value="@string/facebook_client_token" />
54-->src/main/AndroidManifest.xml:36:13-58
55
56        <provider
56-->src/main/AndroidManifest.xml:38:9-41:39
57            android:name="com.facebook.FacebookContentProvider"
57-->src/main/AndroidManifest.xml:39:13-64
58            android:authorities="com.facebook.app.FacebookContentProvider6079211382101210"
58-->src/main/AndroidManifest.xml:40:13-91
59            android:exported="true" />
59-->src/main/AndroidManifest.xml:41:13-36
60
61        <activity
61-->src/main/AndroidManifest.xml:43:9-45:40
62            android:name="com.example.appthitracnghiem.ui.exercise.exercise.ExamActivity"
62-->src/main/AndroidManifest.xml:44:13-62
63            android:exported="false" />
63-->src/main/AndroidManifest.xml:45:13-37
64        <activity
64-->src/main/AndroidManifest.xml:46:9-48:40
65            android:name="com.example.appthitracnghiem.ui.home.history.test.topic.HistoryTopicActivity"
65-->src/main/AndroidManifest.xml:47:13-76
66            android:exported="false" />
66-->src/main/AndroidManifest.xml:48:13-37
67        <activity
67-->src/main/AndroidManifest.xml:49:9-51:40
68            android:name="com.example.appthitracnghiem.ui.exercise.topic.ExerciseActivity"
68-->src/main/AndroidManifest.xml:50:13-63
69            android:exported="false" />
69-->src/main/AndroidManifest.xml:51:13-37
70        <activity
70-->src/main/AndroidManifest.xml:52:9-58:20
71            android:name="com.example.appthitracnghiem.ui.home.createtest.question.CreateTestActivity"
71-->src/main/AndroidManifest.xml:53:13-75
72            android:exported="false" >
72-->src/main/AndroidManifest.xml:54:13-37
73            <meta-data
73-->src/main/AndroidManifest.xml:55:13-57:36
74                android:name="android.app.lib_name"
74-->src/main/AndroidManifest.xml:56:17-52
75                android:value="" />
75-->src/main/AndroidManifest.xml:57:17-33
76        </activity>
77        <activity
77-->src/main/AndroidManifest.xml:59:9-65:20
78            android:name="com.example.appthitracnghiem.ui.home.createtest.LinkSheetActivity"
78-->src/main/AndroidManifest.xml:60:13-65
79            android:exported="false" >
79-->src/main/AndroidManifest.xml:61:13-37
80            <meta-data
80-->src/main/AndroidManifest.xml:55:13-57:36
81                android:name="android.app.lib_name"
81-->src/main/AndroidManifest.xml:56:17-52
82                android:value="" />
82-->src/main/AndroidManifest.xml:57:17-33
83        </activity>
84        <activity
84-->src/main/AndroidManifest.xml:66:9-72:20
85            android:name="com.example.appthitracnghiem.ui.home.category.search.SearchSubject"
85-->src/main/AndroidManifest.xml:67:13-66
86            android:exported="false" >
86-->src/main/AndroidManifest.xml:68:13-37
87            <meta-data
87-->src/main/AndroidManifest.xml:55:13-57:36
88                android:name="android.app.lib_name"
88-->src/main/AndroidManifest.xml:56:17-52
89                android:value="" />
89-->src/main/AndroidManifest.xml:57:17-33
90        </activity>
91        <activity
91-->src/main/AndroidManifest.xml:73:9-79:20
92            android:name="com.example.appthitracnghiem.ui.intro.IntroLoginActivity"
92-->src/main/AndroidManifest.xml:74:13-56
93            android:exported="false" >
93-->src/main/AndroidManifest.xml:75:13-37
94            <meta-data
94-->src/main/AndroidManifest.xml:55:13-57:36
95                android:name="android.app.lib_name"
95-->src/main/AndroidManifest.xml:56:17-52
96                android:value="" />
96-->src/main/AndroidManifest.xml:57:17-33
97        </activity>
98        <activity
98-->src/main/AndroidManifest.xml:80:9-86:20
99            android:name="com.example.appthitracnghiem.ui.home.profile.setting.SettingActivity"
99-->src/main/AndroidManifest.xml:81:13-68
100            android:exported="false" >
100-->src/main/AndroidManifest.xml:82:13-37
101            <meta-data
101-->src/main/AndroidManifest.xml:55:13-57:36
102                android:name="android.app.lib_name"
102-->src/main/AndroidManifest.xml:56:17-52
103                android:value="" />
103-->src/main/AndroidManifest.xml:57:17-33
104        </activity>
105        <activity
105-->src/main/AndroidManifest.xml:87:9-93:20
106            android:name="com.example.appthitracnghiem.ui.home.HomeActivity"
106-->src/main/AndroidManifest.xml:88:13-49
107            android:exported="false" >
107-->src/main/AndroidManifest.xml:89:13-37
108            <meta-data
108-->src/main/AndroidManifest.xml:55:13-57:36
109                android:name="android.app.lib_name"
109-->src/main/AndroidManifest.xml:56:17-52
110                android:value="" />
110-->src/main/AndroidManifest.xml:57:17-33
111        </activity>
112        <activity
112-->src/main/AndroidManifest.xml:94:9-100:20
113            android:name="com.example.appthitracnghiem.ui.register.RegisterActivity"
113-->src/main/AndroidManifest.xml:95:13-57
114            android:exported="false" >
114-->src/main/AndroidManifest.xml:96:13-37
115            <meta-data
115-->src/main/AndroidManifest.xml:55:13-57:36
116                android:name="android.app.lib_name"
116-->src/main/AndroidManifest.xml:56:17-52
117                android:value="" />
117-->src/main/AndroidManifest.xml:57:17-33
118        </activity>
119        <activity
119-->src/main/AndroidManifest.xml:101:9-107:20
120            android:name="com.example.appthitracnghiem.ui.login.LoginActivity"
120-->src/main/AndroidManifest.xml:102:13-51
121            android:exported="false" >
121-->src/main/AndroidManifest.xml:103:13-37
122            <meta-data
122-->src/main/AndroidManifest.xml:55:13-57:36
123                android:name="android.app.lib_name"
123-->src/main/AndroidManifest.xml:56:17-52
124                android:value="" />
124-->src/main/AndroidManifest.xml:57:17-33
125        </activity>
126        <activity
126-->src/main/AndroidManifest.xml:108:9-114:20
127            android:name="com.example.appthitracnghiem.ui.intro.IntroActivity"
127-->src/main/AndroidManifest.xml:109:13-51
128            android:exported="false" >
128-->src/main/AndroidManifest.xml:110:13-37
129            <meta-data
129-->src/main/AndroidManifest.xml:55:13-57:36
130                android:name="android.app.lib_name"
130-->src/main/AndroidManifest.xml:56:17-52
131                android:value="" />
131-->src/main/AndroidManifest.xml:57:17-33
132        </activity>
133        <activity
133-->src/main/AndroidManifest.xml:115:9-136:20
134            android:name="com.example.appthitracnghiem.ui.main.MainActivity"
134-->src/main/AndroidManifest.xml:116:13-49
135            android:exported="true" >
135-->src/main/AndroidManifest.xml:117:13-36
136            <intent-filter>
136-->src/main/AndroidManifest.xml:118:13-131:29
137                <action android:name="android.intent.action.MAIN" />
137-->src/main/AndroidManifest.xml:119:17-69
137-->src/main/AndroidManifest.xml:119:25-66
138
139                <category android:name="android.intent.category.LAUNCHER" />
139-->src/main/AndroidManifest.xml:121:17-77
139-->src/main/AndroidManifest.xml:121:27-74
140
141                <!-- <action android:name="android.intent.action.VIEW"/> -->
142                <!-- <category android:name="android.intent.category.BROWSABLE"/> -->
143                <!-- <category android:name="android.intent.category.DEFAULT"/> -->
144
145
146                <!-- <data android:scheme="http" -->
147                <!-- android:host="quiz_app" -->
148                <!-- android:path="//reset_password"/> -->
149
150            </intent-filter>
151
152            <meta-data
152-->src/main/AndroidManifest.xml:55:13-57:36
153                android:name="android.app.lib_name"
153-->src/main/AndroidManifest.xml:56:17-52
154                android:value="" />
154-->src/main/AndroidManifest.xml:57:17-33
155        </activity>
156        <activity
156-->src/main/AndroidManifest.xml:138:9-139:58
157            android:name="com.soundcloud.android.crop.CropImageActivity"
157-->src/main/AndroidManifest.xml:138:19-79
158            android:theme="@style/Base.Theme.AppCompat" />
158-->src/main/AndroidManifest.xml:139:13-56
159        <activity
159-->[com.facebook.android:facebook-common:18.2.3] AndroidManifest.xml:20:9-23:66
160            android:name="com.facebook.FacebookActivity"
160-->[com.facebook.android:facebook-common:18.2.3] AndroidManifest.xml:21:13-57
161            android:configChanges="keyboard|keyboardHidden|screenLayout|screenSize|orientation"
161-->[com.facebook.android:facebook-common:18.2.3] AndroidManifest.xml:22:13-96
162            android:theme="@style/com_facebook_activity_theme" />
162-->[com.facebook.android:facebook-common:18.2.3] AndroidManifest.xml:23:13-63
163        <activity android:name="com.facebook.CustomTabMainActivity" />
163-->[com.facebook.android:facebook-common:18.2.3] AndroidManifest.xml:24:9-71
163-->[com.facebook.android:facebook-common:18.2.3] AndroidManifest.xml:24:19-68
164        <activity
164-->[com.facebook.android:facebook-common:18.2.3] AndroidManifest.xml:25:9-39:20
165            android:name="com.facebook.CustomTabActivity"
165-->[com.facebook.android:facebook-common:18.2.3] AndroidManifest.xml:26:13-58
166            android:exported="true" >
166-->[com.facebook.android:facebook-common:18.2.3] AndroidManifest.xml:27:13-36
167            <intent-filter>
167-->[com.facebook.android:facebook-common:18.2.3] AndroidManifest.xml:29:13-38:29
168                <action android:name="android.intent.action.VIEW" />
168-->[com.facebook.android:facebook-common:18.2.3] AndroidManifest.xml:30:17-69
168-->[com.facebook.android:facebook-common:18.2.3] AndroidManifest.xml:30:25-66
169
170                <category android:name="android.intent.category.DEFAULT" />
170-->[com.facebook.android:facebook-common:18.2.3] AndroidManifest.xml:32:17-76
170-->[com.facebook.android:facebook-common:18.2.3] AndroidManifest.xml:32:27-73
171                <category android:name="android.intent.category.BROWSABLE" />
171-->[com.facebook.android:facebook-common:18.2.3] AndroidManifest.xml:33:17-78
171-->[com.facebook.android:facebook-common:18.2.3] AndroidManifest.xml:33:27-75
172
173                <data
173-->[com.facebook.android:facebook-common:18.2.3] AndroidManifest.xml:35:17-37:50
174                    android:host="cct.com.example.appthitracnghiem"
174-->[com.facebook.android:facebook-common:18.2.3] AndroidManifest.xml:36:21-56
175                    android:scheme="fbconnect" />
175-->[com.facebook.android:facebook-common:18.2.3] AndroidManifest.xml:37:21-47
176            </intent-filter>
177        </activity>
178        <!--
179         The initialization ContentProvider will call FacebookSdk.sdkInitialize automatically
180         with the application context. This config is merged in with the host app's manifest,
181         but there can only be one provider with the same authority activated at any given
182         point; so if the end user has two or more different apps that use Facebook SDK, only the
183         first one will be able to use the provider. To work around this problem, we use the
184         following placeholder in the authority to identify each host application as if it was
185         a completely different provider.
186        -->
187        <provider
187-->[com.facebook.android:facebook-core:18.2.3] AndroidManifest.xml:32:9-35:40
188            android:name="com.facebook.internal.FacebookInitProvider"
188-->[com.facebook.android:facebook-core:18.2.3] AndroidManifest.xml:33:13-70
189            android:authorities="com.example.appthitracnghiem.FacebookInitProvider"
189-->[com.facebook.android:facebook-core:18.2.3] AndroidManifest.xml:34:13-72
190            android:exported="false" />
190-->[com.facebook.android:facebook-core:18.2.3] AndroidManifest.xml:35:13-37
191
192        <receiver
192-->[com.facebook.android:facebook-core:18.2.3] AndroidManifest.xml:37:9-43:20
193            android:name="com.facebook.CurrentAccessTokenExpirationBroadcastReceiver"
193-->[com.facebook.android:facebook-core:18.2.3] AndroidManifest.xml:38:13-86
194            android:exported="false" >
194-->[com.facebook.android:facebook-core:18.2.3] AndroidManifest.xml:39:13-37
195            <intent-filter>
195-->[com.facebook.android:facebook-core:18.2.3] AndroidManifest.xml:40:13-42:29
196                <action android:name="com.facebook.sdk.ACTION_CURRENT_ACCESS_TOKEN_CHANGED" />
196-->[com.facebook.android:facebook-core:18.2.3] AndroidManifest.xml:41:17-95
196-->[com.facebook.android:facebook-core:18.2.3] AndroidManifest.xml:41:25-92
197            </intent-filter>
198        </receiver>
199        <receiver
199-->[com.facebook.android:facebook-core:18.2.3] AndroidManifest.xml:44:9-50:20
200            android:name="com.facebook.AuthenticationTokenManager$CurrentAuthenticationTokenChangedBroadcastReceiver"
200-->[com.facebook.android:facebook-core:18.2.3] AndroidManifest.xml:45:13-118
201            android:exported="false" >
201-->[com.facebook.android:facebook-core:18.2.3] AndroidManifest.xml:46:13-37
202            <intent-filter>
202-->[com.facebook.android:facebook-core:18.2.3] AndroidManifest.xml:47:13-49:29
203                <action android:name="com.facebook.sdk.ACTION_CURRENT_AUTHENTICATION_TOKEN_CHANGED" />
203-->[com.facebook.android:facebook-core:18.2.3] AndroidManifest.xml:48:17-103
203-->[com.facebook.android:facebook-core:18.2.3] AndroidManifest.xml:48:25-100
204            </intent-filter>
205        </receiver>
206
207        <uses-library
207-->[androidx.window:window:1.0.0] AndroidManifest.xml:25:9-27:40
208            android:name="androidx.window.extensions"
208-->[androidx.window:window:1.0.0] AndroidManifest.xml:26:13-54
209            android:required="false" />
209-->[androidx.window:window:1.0.0] AndroidManifest.xml:27:13-37
210        <uses-library
210-->[androidx.window:window:1.0.0] AndroidManifest.xml:28:9-30:40
211            android:name="androidx.window.sidecar"
211-->[androidx.window:window:1.0.0] AndroidManifest.xml:29:13-51
212            android:required="false" />
212-->[androidx.window:window:1.0.0] AndroidManifest.xml:30:13-37
213
214        <service
214-->[androidx.room:room-runtime:2.5.1] AndroidManifest.xml:24:9-28:63
215            android:name="androidx.room.MultiInstanceInvalidationService"
215-->[androidx.room:room-runtime:2.5.1] AndroidManifest.xml:25:13-74
216            android:directBootAware="true"
216-->[androidx.room:room-runtime:2.5.1] AndroidManifest.xml:26:13-43
217            android:exported="false" />
217-->[androidx.room:room-runtime:2.5.1] AndroidManifest.xml:27:13-37
218
219        <provider
219-->[com.squareup.picasso:picasso:2.8] AndroidManifest.xml:8:9-11:40
220            android:name="com.squareup.picasso.PicassoProvider"
220-->[com.squareup.picasso:picasso:2.8] AndroidManifest.xml:9:13-64
221            android:authorities="com.example.appthitracnghiem.com.squareup.picasso"
221-->[com.squareup.picasso:picasso:2.8] AndroidManifest.xml:10:13-72
222            android:exported="false" />
222-->[com.squareup.picasso:picasso:2.8] AndroidManifest.xml:11:13-37
223        <provider
223-->[androidx.emoji2:emoji2:1.2.0] AndroidManifest.xml:24:9-32:20
224            android:name="androidx.startup.InitializationProvider"
224-->[androidx.emoji2:emoji2:1.2.0] AndroidManifest.xml:25:13-67
225            android:authorities="com.example.appthitracnghiem.androidx-startup"
225-->[androidx.emoji2:emoji2:1.2.0] AndroidManifest.xml:26:13-68
226            android:exported="false" >
226-->[androidx.emoji2:emoji2:1.2.0] AndroidManifest.xml:27:13-37
227            <meta-data
227-->[androidx.emoji2:emoji2:1.2.0] AndroidManifest.xml:29:13-31:52
228                android:name="androidx.emoji2.text.EmojiCompatInitializer"
228-->[androidx.emoji2:emoji2:1.2.0] AndroidManifest.xml:30:17-75
229                android:value="androidx.startup" />
229-->[androidx.emoji2:emoji2:1.2.0] AndroidManifest.xml:31:17-49
230            <meta-data
230-->[androidx.lifecycle:lifecycle-process:2.4.1] AndroidManifest.xml:31:13-33:52
231                android:name="androidx.lifecycle.ProcessLifecycleInitializer"
231-->[androidx.lifecycle:lifecycle-process:2.4.1] AndroidManifest.xml:32:17-78
232                android:value="androidx.startup" />
232-->[androidx.lifecycle:lifecycle-process:2.4.1] AndroidManifest.xml:33:17-49
233        </provider>
234    </application>
235
236</manifest>